[16:03:40:238] [ERROR] - com.arbor.mall.exception.GlobalExceptionHandler.handleException(GlobalExceptionHandler.java:35) - Default Exception: java.lang.NullPointerException
[16:04:01:523] [ERROR] - com.arbor.mall.exception.GlobalExceptionHandler.handleArborMallException(GlobalExceptionHandler.java:47) - ArborMallException: com.arbor.mall.exception.ArborMallException: 购物车中无商品
[16:04:58:078] [ERROR] - com.arbor.mall.exception.GlobalExceptionHandler.handleException(GlobalExceptionHandler.java:35) - Default Exception: java.lang.NullPointerException
[16:09:13:803] [ERROR] - com.arbor.mall.exception.GlobalExceptionHandler.handleArborMallException(GlobalExceptionHandler.java:47) - ArborMallException: com.arbor.mall.exception.ArborMallException: 商品状态不可售
[16:09:29:301] [ERROR] - com.arbor.mall.exception.GlobalExceptionHandler.handleArborMallException(GlobalExceptionHandler.java:47) - ArborMallException: com.arbor.mall.exception.ArborMallException: 商品库存不足
[16:22:54:178] [ERROR] - com.arbor.mall.exception.GlobalExceptionHandler.handleException(GlobalExceptionHandler.java:35) - Default Exception: java.lang.NullPointerException
[18:11:19:480] [ERROR] - com.arbor.mall.exception.GlobalExceptionHandler.handleArborMallException(GlobalExceptionHandler.java:47) - ArborMallException: com.arbor.mall.exception.ArborMallException: 该账户无此订单
[20:42:02:034] [ERROR] - com.arbor.mall.exception.GlobalExceptionHandler.handleArborMallException(GlobalExceptionHandler.java:47) - ArborMallException: com.arbor.mall.exception.ArborMallException: 订单状态无法取消
[21:34:15:034] [ERROR] - com.arbor.mall.exception.GlobalExceptionHandler.handleException(GlobalExceptionHandler.java:35) - Default Exception: org.springframework.http.converter.HttpMessageNotReadableException: Required request body is missing: public com.arbor.mall.common.ApiRestResponse com.arbor.mall.controller.OrderController.create(com.arbor.mall.model.request.CreateOrderReq)
[23:26:12:408] [ERROR] - com.arbor.mall.exception.GlobalExceptionHandler.handleException(GlobalExceptionHandler.java:35) - Default Exception: org.springframework.web.HttpRequestMethodNotSupportedException: Request method 'POST' not supported
[23:30:19:558] [ERROR] - com.arbor.mall.exception.GlobalExceptionHandler.handleArborMallException(GlobalExceptionHandler.java:47) - ArborMallException: com.arbor.mall.exception.ArborMallException: 订单状态无法操作
[23:30:27:651] [ERROR] - com.arbor.mall.exception.GlobalExceptionHandler.handleArborMallException(GlobalExceptionHandler.java:47) - ArborMallException: com.arbor.mall.exception.ArborMallException: 订单状态无法操作
[23:30:35:508] [ERROR] - com.arbor.mall.exception.GlobalExceptionHandler.handleArborMallException(GlobalExceptionHandler.java:47) - ArborMallException: com.arbor.mall.exception.ArborMallException: 订单状态无法操作
[23:30:36:612] [ERROR] - com.arbor.mall.exception.GlobalExceptionHandler.handleArborMallException(GlobalExceptionHandler.java:47) - ArborMallException: com.arbor.mall.exception.ArborMallException: 订单状态无法操作
[23:30:37:556] [ERROR] - com.arbor.mall.exception.GlobalExceptionHandler.handleArborMallException(GlobalExceptionHandler.java:47) - ArborMallException: com.arbor.mall.exception.ArborMallException: 订单状态无法操作
[23:30:50:885] [ERROR] - com.arbor.mall.exception.GlobalExceptionHandler.handleArborMallException(GlobalExceptionHandler.java:47) - ArborMallException: com.arbor.mall.exception.ArborMallException: 订单状态无法操作
[23:32:41:811] [ERROR] - com.arbor.mall.exception.GlobalExceptionHandler.handleArborMallException(GlobalExceptionHandler.java:47) - ArborMallException: com.arbor.mall.exception.ArborMallException: 订单状态无法操作
[23:35:23:483] [ERROR] - com.arbor.mall.exception.GlobalExceptionHandler.handleArborMallException(GlobalExceptionHandler.java:47) - ArborMallException: com.arbor.mall.exception.ArborMallException: 订单状态无法操作
[23:36:09:348] [ERROR] - com.arbor.mall.exception.GlobalExceptionHandler.handleArborMallException(GlobalExceptionHandler.java:47) - ArborMallException: com.arbor.mall.exception.ArborMallException: 订单状态无法操作
[23:36:22:981] [ERROR] - com.arbor.mall.exception.GlobalExceptionHandler.handleArborMallException(GlobalExceptionHandler.java:47) - ArborMallException: com.arbor.mall.exception.ArborMallException: 订单状态无法操作
[23:46:28:681] [ERROR] - com.arbor.mall.exception.GlobalExceptionHandler.handleArborMallException(GlobalExceptionHandler.java:47) - ArborMallException: com.arbor.mall.exception.ArborMallException: 订单状态无法操作
[23:53:09:746] [ERROR] - com.arbor.mall.exception.GlobalExceptionHandler.handleArborMallException(GlobalExceptionHandler.java:47) - ArborMallException: com.arbor.mall.exception.ArborMallException: 该账户无此订单
[23:53:26:311] [ERROR] - com.arbor.mall.exception.GlobalExceptionHandler.handleArborMallException(GlobalExceptionHandler.java:47) - ArborMallException: com.arbor.mall.exception.ArborMallException: 该账户无此订单
[23:53:56:669] [ERROR] - com.arbor.mall.exception.GlobalExceptionHandler.handleArborMallException(GlobalExceptionHandler.java:47) - ArborMallException: com.arbor.mall.exception.ArborMallException: 订单状态无法操作
[23:53:58:186] [ERROR] - com.arbor.mall.exception.GlobalExceptionHandler.handleArborMallException(GlobalExceptionHandler.java:47) - ArborMallException: com.arbor.mall.exception.ArborMallException: 订单状态无法操作
[23:54:42:376] [ERROR] - com.arbor.mall.exception.GlobalExceptionHandler.handleArborMallException(GlobalExceptionHandler.java:47) - ArborMallException: com.arbor.mall.exception.ArborMallException: 该账户无此订单
